# JRE version: OpenJDK Runtime Environment (21.0.10) (build 21.0.10+-14961533-b1163.108)
# Java VM: OpenJDK 64-Bit Server VM (21.0.10+-14961533-b1163.108, mixed mode, tiered, compressed oops, compressed class ptrs, g1 gc, windows-amd64)
GC Precious Log:
 CardTable entry size: 512
 Card Set container configuration: InlinePtr #cards 4 size 8 Array Of Cards #cards 32 size 80 Howl #buckets 8 coarsen threshold 7372 Howl Bitmap #cards 1024 size 144 coarsen threshold 921 Card regions per heap region 1 cards per card region 8192
 CPUs: 8 total, 8 available
 Memory: 16226M
 Large Page Support: Disabled
 NUMA Support: Disabled
 Compressed Oops: Enabled (Zero based)
 Heap Region Size: 4M
 Heap Min Capacity: 8M
 Heap Initial Capacity: 256M
 Heap Max Capacity: 8G
 Pre-touch: Disabled
 Parallel Workers: 8
 Concurrent Workers: 2
 Concurrent Refinement Workers: 8
 Periodic GC: Disabled
Heap:
 garbage-first heap   total 663552K, used 248675K [0x0000000600000000, 0x0000000800000000)
  region size 4096K, 7 young (28672K), 7 survivors (28672K)
 Metaspace       used 215916K, committed 218688K, reserved 1245184K
  class space    used 28901K, committed 30272K, reserved 1048576K
GC Heap History (20 events):
Event: 1074.485 GC heap after
{Heap after GC invocations=145 (full 0):
 garbage-first heap   total 503808K, used 229096K [0x0000000600000000, 0x0000000800000000)
  region size 4096K, 3 young (12288K), 3 survivors (12288K)
 Metaspace       used 215032K, committed 217792K, reserved 1245184K
  class space    used 28833K, committed 30208K, reserved 1048576K
}
Event: 1075.211 GC heap before
{Heap before GC invocations=145 (full 0):
 garbage-first heap   total 503808K, used 470760K [0x0000000600000000, 0x0000000800000000)
  region size 4096K, 62 young (253952K), 3 survivors (12288K)
 Metaspace       used 215084K, committed 217856K, reserved 1245184K
  class space    used 28837K, committed 30208K, reserved 1048576K
}
Event: 1075.224 GC heap after
{Heap after GC invocations=146 (full 0):
 garbage-first heap   total 503808K, used 229285K [0x0000000600000000, 0x0000000800000000)
  region size 4096K, 3 young (12288K), 3 survivors (12288K)
 Metaspace       used 215084K, committed 217856K, reserved 1245184K
  class space    used 28837K, committed 30208K, reserved 1048576K
}
Event: 1075.798 GC heap before
{Heap before GC invocations=146 (full 0):
 garbage-first heap   total 503808K, used 466853K [0x0000000600000000, 0x0000000800000000)
  region size 4096K, 62 young (253952K), 3 survivors (12288K)
 Metaspace       used 215129K, committed 217920K, reserved 1245184K
  class space    used 28838K, committed 30208K, reserved 1048576K
}
Event: 1075.810 GC heap after
{Heap after GC invocations=147 (full 0):
 garbage-first heap   total 663552K, used 230406K [0x0000000600000000, 0x0000000800000000)
  region size 4096K, 3 young (12288K), 3 survivors (12288K)
 Metaspace       used 215129K, committed 217920K, reserved 1245184K
  class space    used 28838K, committed 30208K, reserved 1048576K
}
Event: 1077.994 GC heap before
{Heap before GC invocations=148 (full 0):
 garbage-first heap   total 663552K, used 611334K [0x0000000600000000, 0x0000000800000000)
  region size 4096K, 97 young (397312K), 3 survivors (12288K)
 Metaspace       used 215392K, committed 218176K, reserved 1245184K
  class space    used 28856K, committed 30208K, reserved 1048576K
}
Event: 1078.003 GC heap after
{Heap after GC invocations=149 (full 0):
 garbage-first heap   total 663552K, used 224788K [0x0000000600000000, 0x0000000800000000)
  region size 4096K, 2 young (8192K), 2 survivors (8192K)
 Metaspace       used 215392K, committed 218176K, reserved 1245184K
  class space    used 28856K, committed 30208K, reserved 1048576K
}
Event: 1079.471 GC heap before
{Heap before GC invocations=149 (full 0):
 garbage-first heap   total 663552K, used 609812K [0x0000000600000000, 0x0000000800000000)
  region size 4096K, 97 young (397312K), 2 survivors (8192K)
 Metaspace       used 215520K, committed 218240K, reserved 1245184K
  class space    used 28872K, committed 30208K, reserved 1048576K
}
Event: 1079.504 GC heap after
{Heap after GC invocations=150 (full 0):
 garbage-first heap   total 663552K, used 247219K [0x0000000600000000, 0x0000000800000000)
  region size 4096K, 8 young (32768K), 8 survivors (32768K)
 Metaspace       used 215520K, committed 218240K, reserved 1245184K
  class space    used 28872K, committed 30208K, reserved 1048576K
}
Event: 1080.756 GC heap before
{Heap before GC invocations=150 (full 0):
 garbage-first heap   total 663552K, used 607667K [0x0000000600000000, 0x0000000800000000)
  region size 4096K, 97 young (397312K), 8 survivors (32768K)
 Metaspace       used 215689K, committed 218432K, reserved 1245184K
  class space    used 28887K, committed 30208K, reserved 1048576K
}
Event: 1080.779 GC heap after
{Heap after GC invocations=151 (full 0):
 garbage-first heap   total 663552K, used 245340K [0x0000000600000000, 0x0000000800000000)
  region size 4096K, 7 young (28672K), 7 survivors (28672K)
 Metaspace       used 215689K, committed 218432K, reserved 1245184K
  class space    used 28887K, committed 30208K, reserved 1048576K
}
Event: 1081.871 GC heap before
{Heap before GC invocations=152 (full 0):
 garbage-first heap   total 663552K, used 613980K [0x0000000600000000, 0x0000000800000000)
  region size 4096K, 97 young (397312K), 7 survivors (28672K)
 Metaspace       used 215775K, committed 218560K, reserved 1245184K
  class space    used 28892K, committed 30272K, reserved 1048576K
}
Event: 1081.899 GC heap after
{Heap after GC invocations=153 (full 0):
 garbage-first heap   total 663552K, used 250141K [0x0000000600000000, 0x0000000800000000)
  region size 4096K, 8 young (32768K), 8 survivors (32768K)
 Metaspace       used 215775K, committed 218560K, reserved 1245184K
  class space    used 28892K, committed 30272K, reserved 1048576K
}
Event: 1082.867 GC heap before
{Heap before GC invocations=153 (full 0):
 garbage-first heap   total 663552K, used 614685K [0x0000000600000000, 0x0000000800000000)
  region size 4096K, 97 young (397312K), 8 survivors (32768K)
 Metaspace       used 215809K, committed 218624K, reserved 1245184K
  class space    used 28896K, committed 30272K, reserved 1048576K
}
Event: 1082.888 GC heap after
{Heap after GC invocations=154 (full 0):
 garbage-first heap   total 663552K, used 237953K [0x0000000600000000, 0x0000000800000000)
  region size 4096K, 3 young (12288K), 3 survivors (12288K)
 Metaspace       used 215809K, committed 218624K, reserved 1245184K
  class space    used 28896K, committed 30272K, reserved 1048576K
}
Event: 1083.487 GC heap before
{Heap before GC invocations=154 (full 0):
 garbage-first heap   total 663552K, used 618881K [0x0000000600000000, 0x0000000800000000)
  region size 4096K, 97 young (397312K), 3 survivors (12288K)
 Metaspace       used 215840K, committed 218624K, reserved 1245184K
  class space    used 28896K, committed 30272K, reserved 1048576K
}
Event: 1083.508 GC heap after
{Heap after GC invocations=155 (full 0):
 garbage-first heap   total 663552K, used 256741K [0x0000000600000000, 0x0000000800000000)
  region size 4096K, 8 young (32768K), 8 survivors (32768K)
 Metaspace       used 215840K, committed 218624K, reserved 1245184K
  class space    used 28896K, committed 30272K, reserved 1048576K
}
Event: 1084.495 GC heap before
{Heap before GC invocations=156 (full 0):
 garbage-first heap   total 663552K, used 621285K [0x0000000600000000, 0x0000000800000000)
  region size 4096K, 97 young (397312K), 8 survivors (32768K)
 Metaspace       used 215892K, committed 218688K, reserved 1245184K
  class space    used 28901K, committed 30272K, reserved 1048576K
}
Event: 1084.514 GC heap after
{Heap after GC invocations=157 (full 0):
 garbage-first heap   total 663552K, used 253309K [0x0000000600000000, 0x0000000800000000)
  region size 4096K, 7 young (28672K), 7 survivors (28672K)
 Metaspace       used 215892K, committed 218688K, reserved 1245184K
  class space    used 28901K, committed 30272K, reserved 1048576K
}
Event: 1085.375 GC heap before
{Heap before GC invocations=157 (full 0):
 garbage-first heap   total 663552K, used 621949K [0x0000000600000000, 0x0000000800000000)
  region size 4096K, 97 young (397312K), 7 survivors (28672K)
 Metaspace       used 215916K, committed 218688K, reserved 1245184K
  class space    used 28901K, committed 30272K, reserved 1048576K
}

